{"/Users/emmanueladesile/Documents/codeplex/shopmate-mobile/assets/deliveries.png": {"path":"/Users/emmanueladesile/Documents/codeplex/shopmate-mobile/assets/deliveries.png","statementMap":{"0":{"start":{"line":1,"column":0},"end":{"line":1,"column":19}}},"fnMap":{},"branchMap":{},"s":{"0":1},"f":{},"b":{},"_coverageSchema":"43e27e138ebf9cfc5966b082cf9a028302ed4184","hash":"0b6d34e5d308e5f6d253b63e42af3ec39a3fa128"}
,"/Users/emmanueladesile/Documents/codeplex/shopmate-mobile/assets/empty_cart.png": {"path":"/Users/emmanueladesile/Documents/codeplex/shopmate-mobile/assets/empty_cart.png","statementMap":{"0":{"start":{"line":1,"column":0},"end":{"line":1,"column":19}}},"fnMap":{},"branchMap":{},"s":{"0":1},"f":{},"b":{},"_coverageSchema":"43e27e138ebf9cfc5966b082cf9a028302ed4184","hash":"3449971d1792f236ff9fddbe2d91462275474cfa"}
,"/Users/emmanueladesile/Documents/codeplex/shopmate-mobile/assets/shopping.png": {"path":"/Users/emmanueladesile/Documents/codeplex/shopmate-mobile/assets/shopping.png","statementMap":{"0":{"start":{"line":1,"column":0},"end":{"line":1,"column":19}}},"fnMap":{},"branchMap":{},"s":{"0":1},"f":{},"b":{},"_coverageSchema":"43e27e138ebf9cfc5966b082cf9a028302ed4184","hash":"d348f34f0f139f957cc950b180fe43449c7e4d0f"}
,"/Users/emmanueladesile/Documents/codeplex/shopmate-mobile/screens/LandingPage/index.js": {"path":"/Users/emmanueladesile/Documents/codeplex/shopmate-mobile/screens/LandingPage/index.js","statementMap":{"0":{"start":{"line":18,"column":4},"end":{"line":18,"column":17}},"1":{"start":{"line":19,"column":4},"end":{"line":21,"column":6}},"2":{"start":{"line":24,"column":12},"end":{"line":26,"column":3}},"3":{"start":{"line":25,"column":4},"end":{"line":25,"column":41}},"4":{"start":{"line":28,"column":12},"end":{"line":30,"column":3}},"5":{"start":{"line":29,"column":4},"end":{"line":29,"column":41}},"6":{"start":{"line":33,"column":4},"end":{"line":81,"column":5}},"7":{"start":{"line":34,"column":6},"end":{"line":68,"column":8}},"8":{"start":{"line":70,"column":6},"end":{"line":80,"column":8}},"9":{"start":{"line":84,"column":15},"end":{"line":113,"column":2}},"10":{"start":{"line":115,"column":15},"end":{"line":167,"column":1}}},"fnMap":{"0":{"name":"(anonymous_0)","decl":{"start":{"line":17,"column":2},"end":{"line":17,"column":3}},"loc":{"start":{"line":17,"column":21},"end":{"line":22,"column":3}},"line":17},"1":{"name":"(anonymous_1)","decl":{"start":{"line":24,"column":12},"end":{"line":24,"column":13}},"loc":{"start":{"line":24,"column":18},"end":{"line":26,"column":3}},"line":24},"2":{"name":"(anonymous_2)","decl":{"start":{"line":28,"column":12},"end":{"line":28,"column":13}},"loc":{"start":{"line":28,"column":18},"end":{"line":30,"column":3}},"line":28},"3":{"name":"(anonymous_3)","decl":{"start":{"line":32,"column":2},"end":{"line":32,"column":3}},"loc":{"start":{"line":32,"column":11},"end":{"line":82,"column":3}},"line":32}},"branchMap":{"0":{"loc":{"start":{"line":33,"column":4},"end":{"line":81,"column":5}},"type":"if","locations":[{"start":{"line":33,"column":4},"end":{"line":81,"column":5}},{"start":{"line":33,"column":4},"end":{"line":81,"column":5}}],"line":33}},"s":{"0":1,"1":1,"2":1,"3":0,"4":1,"5":0,"6":1,"7":0,"8":1,"9":1,"10":1},"f":{"0":1,"1":0,"2":0,"3":1},"b":{"0":[0,1]},"_coverageSchema":"43e27e138ebf9cfc5966b082cf9a028302ed4184","hash":"722ae58580e70698298510be4777c60cf911a46f"}
,"/Users/emmanueladesile/Documents/codeplex/shopmate-mobile/screens/LandingPage/styles.js": {"path":"/Users/emmanueladesile/Documents/codeplex/shopmate-mobile/screens/LandingPage/styles.js","statementMap":{"0":{"start":{"line":4,"column":20},"end":{"line":4,"column":50}},"1":{"start":{"line":5,"column":21},"end":{"line":5,"column":52}},"2":{"start":{"line":7,"column":18},"end":{"line":11,"column":1}},"3":{"start":{"line":13,"column":15},"end":{"line":18,"column":1}},"4":{"start":{"line":20,"column":13},"end":{"line":23,"column":1}},"5":{"start":{"line":25,"column":17},"end":{"line":33,"column":1}},"6":{"start":{"line":27,"column":25},"end":{"line":27,"column":65}},"7":{"start":{"line":35,"column":15},"end":{"line":46,"column":1}},"8":{"start":{"line":43,"column":26},"end":{"line":43,"column":73}},"9":{"start":{"line":48,"column":19},"end":{"line":53,"column":1}},"10":{"start":{"line":55,"column":23},"end":{"line":60,"column":1}},"11":{"start":{"line":62,"column":14},"end":{"line":65,"column":1}},"12":{"start":{"line":67,"column":19},"end":{"line":72,"column":1}},"13":{"start":{"line":74,"column":17},"end":{"line":78,"column":1}}},"fnMap":{"0":{"name":"(anonymous_0)","decl":{"start":{"line":27,"column":15},"end":{"line":27,"column":16}},"loc":{"start":{"line":27,"column":25},"end":{"line":27,"column":65}},"line":27},"1":{"name":"(anonymous_1)","decl":{"start":{"line":43,"column":16},"end":{"line":43,"column":17}},"loc":{"start":{"line":43,"column":26},"end":{"line":43,"column":73}},"line":43}},"branchMap":{"0":{"loc":{"start":{"line":27,"column":25},"end":{"line":27,"column":65}},"type":"cond-expr","locations":[{"start":{"line":27,"column":42},"end":{"line":27,"column":56}},{"start":{"line":27,"column":59},"end":{"line":27,"column":65}}],"line":27},"1":{"loc":{"start":{"line":43,"column":26},"end":{"line":43,"column":73}},"type":"cond-expr","locations":[{"start":{"line":43,"column":45},"end":{"line":43,"column":61}},{"start":{"line":43,"column":64},"end":{"line":43,"column":73}}],"line":43}},"s":{"0":1,"1":1,"2":1,"3":1,"4":1,"5":1,"6":0,"7":1,"8":0,"9":1,"10":1,"11":1,"12":1,"13":1},"f":{"0":0,"1":0},"b":{"0":[0,0],"1":[0,0]},"_coverageSchema":"43e27e138ebf9cfc5966b082cf9a028302ed4184","hash":"ffbcd8e7f61b5461b8767a5341deb313024b72ca"}
}
