{"/Users/emmanueladesile/Documents/codeplex/shopmate-mobile/assets/deliveries.png": {"path":"/Users/emmanueladesile/Documents/codeplex/shopmate-mobile/assets/deliveries.png","statementMap":{"0":{"start":{"line":1,"column":0},"end":{"line":1,"column":19}}},"fnMap":{},"branchMap":{},"s":{"0":1},"f":{},"b":{},"_coverageSchema":"43e27e138ebf9cfc5966b082cf9a028302ed4184","hash":"0b6d34e5d308e5f6d253b63e42af3ec39a3fa128"}
,"/Users/emmanueladesile/Documents/codeplex/shopmate-mobile/assets/empty_cart.png": {"path":"/Users/emmanueladesile/Documents/codeplex/shopmate-mobile/assets/empty_cart.png","statementMap":{"0":{"start":{"line":1,"column":0},"end":{"line":1,"column":19}}},"fnMap":{},"branchMap":{},"s":{"0":1},"f":{},"b":{},"_coverageSchema":"43e27e138ebf9cfc5966b082cf9a028302ed4184","hash":"3449971d1792f236ff9fddbe2d91462275474cfa"}
,"/Users/emmanueladesile/Documents/codeplex/shopmate-mobile/assets/shopping.png": {"path":"/Users/emmanueladesile/Documents/codeplex/shopmate-mobile/assets/shopping.png","statementMap":{"0":{"start":{"line":1,"column":0},"end":{"line":1,"column":19}}},"fnMap":{},"branchMap":{},"s":{"0":1},"f":{},"b":{},"_coverageSchema":"43e27e138ebf9cfc5966b082cf9a028302ed4184","hash":"d348f34f0f139f957cc950b180fe43449c7e4d0f"}
,"/Users/emmanueladesile/Documents/codeplex/shopmate-mobile/assets/storex_logo.png": {"path":"/Users/emmanueladesile/Documents/codeplex/shopmate-mobile/assets/storex_logo.png","statementMap":{"0":{"start":{"line":1,"column":0},"end":{"line":1,"column":19}}},"fnMap":{},"branchMap":{},"s":{"0":2},"f":{},"b":{},"_coverageSchema":"43e27e138ebf9cfc5966b082cf9a028302ed4184","hash":"0839d9df76d96ade40706b3b89c070a88aade624"}
,"/Users/emmanueladesile/Documents/codeplex/shopmate-mobile/screens/HomeScreen/index.js": {"path":"/Users/emmanueladesile/Documents/codeplex/shopmate-mobile/screens/HomeScreen/index.js","statementMap":{"0":{"start":{"line":8,"column":29},"end":{"line":10,"column":3}},"1":{"start":{"line":12,"column":10},"end":{"line":14,"column":3}},"2":{"start":{"line":16,"column":12},"end":{"line":18,"column":3}},"3":{"start":{"line":17,"column":4},"end":{"line":17,"column":41}},"4":{"start":{"line":20,"column":12},"end":{"line":22,"column":3}},"5":{"start":{"line":21,"column":4},"end":{"line":21,"column":41}},"6":{"start":{"line":25,"column":28},"end":{"line":25,"column":38}},"7":{"start":{"line":26,"column":25},"end":{"line":26,"column":46}},"8":{"start":{"line":28,"column":4},"end":{"line":40,"column":6}},"9":{"start":{"line":44,"column":15},"end":{"line":65,"column":2}},"10":{"start":{"line":67,"column":15},"end":{"line":94,"column":1}}},"fnMap":{"0":{"name":"(anonymous_0)","decl":{"start":{"line":16,"column":12},"end":{"line":16,"column":13}},"loc":{"start":{"line":16,"column":18},"end":{"line":18,"column":3}},"line":16},"1":{"name":"(anonymous_1)","decl":{"start":{"line":20,"column":12},"end":{"line":20,"column":13}},"loc":{"start":{"line":20,"column":18},"end":{"line":22,"column":3}},"line":20},"2":{"name":"(anonymous_2)","decl":{"start":{"line":24,"column":2},"end":{"line":24,"column":3}},"loc":{"start":{"line":24,"column":11},"end":{"line":41,"column":3}},"line":24}},"branchMap":{"0":{"loc":{"start":{"line":28,"column":11},"end":{"line":40,"column":5}},"type":"cond-expr","locations":[{"start":{"line":29,"column":6},"end":{"line":29,"column":24}},{"start":{"line":31,"column":6},"end":{"line":39,"column":8}}],"line":28}},"s":{"0":1,"1":1,"2":1,"3":0,"4":1,"5":0,"6":1,"7":1,"8":1,"9":1,"10":1},"f":{"0":0,"1":0,"2":1},"b":{"0":[0,1]},"_coverageSchema":"43e27e138ebf9cfc5966b082cf9a028302ed4184","hash":"3337790037131e915f2edbf570d9924bac1fff45"}
,"/Users/emmanueladesile/Documents/codeplex/shopmate-mobile/screens/LoginScreen/index.js": {"path":"/Users/emmanueladesile/Documents/codeplex/shopmate-mobile/screens/LoginScreen/index.js","statementMap":{"0":{"start":{"line":16,"column":29},"end":{"line":18,"column":3}},"1":{"start":{"line":21,"column":4},"end":{"line":51,"column":6}},"2":{"start":{"line":45,"column":45},"end":{"line":45,"column":75}}},"fnMap":{"0":{"name":"(anonymous_0)","decl":{"start":{"line":20,"column":2},"end":{"line":20,"column":3}},"loc":{"start":{"line":20,"column":11},"end":{"line":52,"column":3}},"line":20},"1":{"name":"(anonymous_1)","decl":{"start":{"line":45,"column":39},"end":{"line":45,"column":40}},"loc":{"start":{"line":45,"column":45},"end":{"line":45,"column":75}},"line":45}},"branchMap":{},"s":{"0":2,"1":1,"2":0},"f":{"0":1,"1":0},"b":{},"_coverageSchema":"43e27e138ebf9cfc5966b082cf9a028302ed4184","hash":"d1d0612e216ac2c6c58730a3f5ac01551d27710b"}
,"/Users/emmanueladesile/Documents/codeplex/shopmate-mobile/screens/LoginScreen/styles.js": {"path":"/Users/emmanueladesile/Documents/codeplex/shopmate-mobile/screens/LoginScreen/styles.js","statementMap":{"0":{"start":{"line":3,"column":18},"end":{"line":11,"column":1}},"1":{"start":{"line":13,"column":13},"end":{"line":16,"column":1}},"2":{"start":{"line":18,"column":13},"end":{"line":22,"column":1}},"3":{"start":{"line":24,"column":17},"end":{"line":32,"column":1}},"4":{"start":{"line":34,"column":14},"end":{"line":43,"column":1}},"5":{"start":{"line":45,"column":20},"end":{"line":53,"column":1}},"6":{"start":{"line":55,"column":19},"end":{"line":61,"column":1}},"7":{"start":{"line":63,"column":16},"end":{"line":67,"column":1}},"8":{"start":{"line":65,"column":21},"end":{"line":65,"column":58}}},"fnMap":{"0":{"name":"(anonymous_0)","decl":{"start":{"line":65,"column":11},"end":{"line":65,"column":12}},"loc":{"start":{"line":65,"column":21},"end":{"line":65,"column":58}},"line":65}},"branchMap":{"0":{"loc":{"start":{"line":65,"column":21},"end":{"line":65,"column":58}},"type":"cond-expr","locations":[{"start":{"line":65,"column":35},"end":{"line":65,"column":46}},{"start":{"line":65,"column":49},"end":{"line":65,"column":58}}],"line":65}},"s":{"0":2,"1":2,"2":2,"3":2,"4":2,"5":2,"6":2,"7":2,"8":2},"f":{"0":2},"b":{"0":[1,1]},"_coverageSchema":"43e27e138ebf9cfc5966b082cf9a028302ed4184","hash":"7ce99720611a3e51127ce8d9d66ef5fa73c612f7"}
,"/Users/emmanueladesile/Documents/codeplex/shopmate-mobile/screens/SignupScreen/index.js": {"path":"/Users/emmanueladesile/Documents/codeplex/shopmate-mobile/screens/SignupScreen/index.js","statementMap":{"0":{"start":{"line":16,"column":29},"end":{"line":18,"column":3}},"1":{"start":{"line":21,"column":4},"end":{"line":54,"column":6}},"2":{"start":{"line":47,"column":29},"end":{"line":47,"column":64}}},"fnMap":{"0":{"name":"(anonymous_0)","decl":{"start":{"line":20,"column":2},"end":{"line":20,"column":3}},"loc":{"start":{"line":20,"column":11},"end":{"line":55,"column":3}},"line":20},"1":{"name":"(anonymous_1)","decl":{"start":{"line":47,"column":23},"end":{"line":47,"column":24}},"loc":{"start":{"line":47,"column":29},"end":{"line":47,"column":64}},"line":47}},"branchMap":{},"s":{"0":2,"1":1,"2":0},"f":{"0":1,"1":0},"b":{},"_coverageSchema":"43e27e138ebf9cfc5966b082cf9a028302ed4184","hash":"00ffc31f888d8743685ffd0eef8140dd2a528923"}
,"/Users/emmanueladesile/Documents/codeplex/shopmate-mobile/screens/SignupScreen/styles.js": {"path":"/Users/emmanueladesile/Documents/codeplex/shopmate-mobile/screens/SignupScreen/styles.js","statementMap":{"0":{"start":{"line":3,"column":18},"end":{"line":11,"column":1}},"1":{"start":{"line":13,"column":13},"end":{"line":16,"column":1}},"2":{"start":{"line":18,"column":13},"end":{"line":22,"column":1}},"3":{"start":{"line":24,"column":17},"end":{"line":32,"column":1}},"4":{"start":{"line":34,"column":14},"end":{"line":43,"column":1}},"5":{"start":{"line":45,"column":21},"end":{"line":53,"column":1}},"6":{"start":{"line":55,"column":19},"end":{"line":61,"column":1}},"7":{"start":{"line":63,"column":16},"end":{"line":67,"column":1}},"8":{"start":{"line":65,"column":21},"end":{"line":65,"column":58}}},"fnMap":{"0":{"name":"(anonymous_0)","decl":{"start":{"line":65,"column":11},"end":{"line":65,"column":12}},"loc":{"start":{"line":65,"column":21},"end":{"line":65,"column":58}},"line":65}},"branchMap":{"0":{"loc":{"start":{"line":65,"column":21},"end":{"line":65,"column":58}},"type":"cond-expr","locations":[{"start":{"line":65,"column":35},"end":{"line":65,"column":46}},{"start":{"line":65,"column":49},"end":{"line":65,"column":58}}],"line":65}},"s":{"0":2,"1":2,"2":2,"3":2,"4":2,"5":2,"6":2,"7":2,"8":2},"f":{"0":2},"b":{"0":[1,1]},"_coverageSchema":"43e27e138ebf9cfc5966b082cf9a028302ed4184","hash":"fe3965beb7434e12a3a1be9a71bada5ef4911bbf"}
}
