TN:
SF:/Users/emmanueladesile/Documents/codeplex/shopmate-mobile/assets/deliveries.png
FNF:0
FNH:0
DA:1,1
LF:1
LH:1
BRF:0
BRH:0
end_of_record
TN:
SF:/Users/emmanueladesile/Documents/codeplex/shopmate-mobile/assets/empty_cart.png
FNF:0
FNH:0
DA:1,1
LF:1
LH:1
BRF:0
BRH:0
end_of_record
TN:
SF:/Users/emmanueladesile/Documents/codeplex/shopmate-mobile/assets/shopping.png
FNF:0
FNH:0
DA:1,1
LF:1
LH:1
BRF:0
BRH:0
end_of_record
TN:
SF:/Users/emmanueladesile/Documents/codeplex/shopmate-mobile/assets/storex_logo.png
FNF:0
FNH:0
DA:1,1
LF:1
LH:1
BRF:0
BRH:0
end_of_record
TN:
SF:/Users/emmanueladesile/Documents/codeplex/shopmate-mobile/helpers/formValidation.js
FN:4,validateEmail
FN:9,validateSignupForm
FN:39,validateLoginForm
FNF:3
FNH:0
FNDA:0,validateEmail
FNDA:0,validateSignupForm
FNDA:0,validateLoginForm
DA:5,0
DA:6,0
DA:10,0
DA:11,0
DA:14,0
DA:15,0
DA:18,0
DA:19,0
DA:22,0
DA:23,0
DA:26,0
DA:27,0
DA:30,0
DA:31,0
DA:33,0
DA:36,0
DA:40,0
DA:41,0
DA:44,0
DA:45,0
DA:48,0
DA:49,0
DA:52,0
DA:53,0
DA:56,0
DA:57,0
DA:59,0
DA:62,0
LF:28
LH:0
BRDA:14,0,0,0
BRDA:14,0,1,0
BRDA:14,1,0,0
BRDA:14,1,1,0
BRDA:18,2,0,0
BRDA:18,2,1,0
BRDA:18,3,0,0
BRDA:18,3,1,0
BRDA:22,4,0,0
BRDA:22,4,1,0
BRDA:26,5,0,0
BRDA:26,5,1,0
BRDA:26,6,0,0
BRDA:26,6,1,0
BRDA:30,7,0,0
BRDA:30,7,1,0
BRDA:44,8,0,0
BRDA:44,8,1,0
BRDA:44,9,0,0
BRDA:44,9,1,0
BRDA:48,10,0,0
BRDA:48,10,1,0
BRDA:52,11,0,0
BRDA:52,11,1,0
BRDA:52,12,0,0
BRDA:52,12,1,0
BRDA:56,13,0,0
BRDA:56,13,1,0
BRF:28
BRH:0
end_of_record
TN:
SF:/Users/emmanueladesile/Documents/codeplex/shopmate-mobile/screens/HomeScreen/index.js
FN:14,(anonymous_0)
FN:19,(anonymous_1)
FNF:2
FNH:1
FNDA:0,(anonymous_0)
FNDA:1,(anonymous_1)
DA:6,1
DA:10,1
DA:14,1
DA:15,0
DA:16,0
DA:20,1
DA:35,1
DA:59,1
LF:8
LH:6
BRF:0
BRH:0
end_of_record
TN:
SF:/Users/emmanueladesile/Documents/codeplex/shopmate-mobile/screens/LoginScreen/index.js
FN:30,(anonymous_0)
FN:31,(anonymous_1)
FN:34,(anonymous_2)
FN:35,(anonymous_3)
FN:40,(anonymous_4)
FN:44,(anonymous_5)
FN:51,(anonymous_6)
FN:60,(anonymous_7)
FN:72,(anonymous_8)
FN:101,(anonymous_9)
FNF:10
FNH:1
FNDA:0,(anonymous_0)
FNDA:0,(anonymous_1)
FNDA:0,(anonymous_2)
FNDA:0,(anonymous_3)
FNDA:0,(anonymous_4)
FNDA:0,(anonymous_5)
FNDA:1,(anonymous_6)
FNDA:0,(anonymous_7)
FNDA:0,(anonymous_8)
FNDA:0,(anonymous_9)
DA:17,1
DA:21,1
DA:30,1
DA:31,0
DA:34,1
DA:35,0
DA:40,1
DA:41,0
DA:42,0
DA:44,0
DA:52,1
DA:61,0
DA:62,0
DA:73,0
DA:74,0
DA:101,0
LF:16
LH:6
BRDA:67,0,0,0
BRDA:67,0,1,1
BRDA:79,1,0,0
BRDA:79,1,1,1
BRDA:88,2,0,1
BRDA:88,2,1,1
BRF:6
BRH:4
end_of_record
TN:
SF:/Users/emmanueladesile/Documents/codeplex/shopmate-mobile/screens/LoginScreen/styles.js
FN:39,(anonymous_0)
FN:50,(anonymous_1)
FN:67,(anonymous_2)
FNF:3
FNH:3
FNDA:2,(anonymous_0)
FNDA:1,(anonymous_1)
FNDA:2,(anonymous_2)
DA:3,1
DA:13,1
DA:18,1
DA:24,1
DA:34,1
DA:39,2
DA:45,1
DA:51,1
DA:57,1
DA:65,1
DA:67,2
LF:11
LH:11
BRDA:39,0,0,2
BRDA:39,0,1,0
BRDA:51,1,0,1
BRDA:51,1,1,0
BRDA:67,2,0,1
BRDA:67,2,1,1
BRF:6
BRH:4
end_of_record
