TN:
SF:/Users/emmanueladesile/Documents/codeplex/shopmate-mobile/assets/deliveries.png
FNF:0
FNH:0
DA:1,1
LF:1
LH:1
BRF:0
BRH:0
end_of_record
TN:
SF:/Users/emmanueladesile/Documents/codeplex/shopmate-mobile/assets/empty_cart.png
FNF:0
FNH:0
DA:1,1
LF:1
LH:1
BRF:0
BRH:0
end_of_record
TN:
SF:/Users/emmanueladesile/Documents/codeplex/shopmate-mobile/assets/shopping.png
FNF:0
FNH:0
DA:1,1
LF:1
LH:1
BRF:0
BRH:0
end_of_record
TN:
SF:/Users/emmanueladesile/Documents/codeplex/shopmate-mobile/assets/storex_logo.png
FNF:0
FNH:0
DA:1,2
LF:1
LH:1
BRF:0
BRH:0
end_of_record
TN:
SF:/Users/emmanueladesile/Documents/codeplex/shopmate-mobile/screens/HomeScreen/index.js
FN:16,(anonymous_0)
FN:20,(anonymous_1)
FN:24,(anonymous_2)
FNF:3
FNH:1
FNDA:0,(anonymous_0)
FNDA:0,(anonymous_1)
FNDA:1,(anonymous_2)
DA:8,1
DA:12,1
DA:16,1
DA:17,0
DA:20,1
DA:21,0
DA:25,1
DA:26,1
DA:28,1
DA:44,1
DA:67,1
LF:11
LH:9
BRDA:28,0,0,0
BRDA:28,0,1,1
BRF:2
BRH:1
end_of_record
TN:
SF:/Users/emmanueladesile/Documents/codeplex/shopmate-mobile/screens/LoginScreen/index.js
FN:20,(anonymous_0)
FN:45,(anonymous_1)
FNF:2
FNH:1
FNDA:1,(anonymous_0)
FNDA:0,(anonymous_1)
DA:16,2
DA:21,1
DA:45,0
LF:3
LH:2
BRF:0
BRH:0
end_of_record
TN:
SF:/Users/emmanueladesile/Documents/codeplex/shopmate-mobile/screens/LoginScreen/styles.js
FN:65,(anonymous_0)
FNF:1
FNH:1
FNDA:2,(anonymous_0)
DA:3,2
DA:13,2
DA:18,2
DA:24,2
DA:34,2
DA:45,2
DA:55,2
DA:63,2
DA:65,2
LF:9
LH:9
BRDA:65,0,0,1
BRDA:65,0,1,1
BRF:2
BRH:2
end_of_record
TN:
SF:/Users/emmanueladesile/Documents/codeplex/shopmate-mobile/screens/SignupScreen/index.js
FN:20,(anonymous_0)
FN:47,(anonymous_1)
FNF:2
FNH:1
FNDA:1,(anonymous_0)
FNDA:0,(anonymous_1)
DA:16,2
DA:21,1
DA:47,0
LF:3
LH:2
BRF:0
BRH:0
end_of_record
TN:
SF:/Users/emmanueladesile/Documents/codeplex/shopmate-mobile/screens/SignupScreen/styles.js
FN:65,(anonymous_0)
FNF:1
FNH:1
FNDA:2,(anonymous_0)
DA:3,2
DA:13,2
DA:18,2
DA:24,2
DA:34,2
DA:45,2
DA:55,2
DA:63,2
DA:65,2
LF:9
LH:9
BRDA:65,0,0,1
BRDA:65,0,1,1
BRF:2
BRH:2
end_of_record
